<?xml version="1.0" encoding="UTF-8"?>
<testng-results skipped="0" failed="0" ignored="0" total="2" passed="2">
  <reporter-output>
  </reporter-output>
  <suite name="Default suite" duration-ms="3903" started-at="2019-09-19T20:52:14 IST" finished-at="2019-09-19T20:52:18 IST">
    <groups>
    </groups>
    <test name="Default test" duration-ms="3903" started-at="2019-09-19T20:52:14 IST" finished-at="2019-09-19T20:52:18 IST">
      <class name="org.testng.Testdata">
        <test-method status="PASS" signature="test(java.lang.String, java.lang.String)[pri:0, instance:org.testng.Testdata@210366b4]" name="test" duration-ms="12" started-at="2019-09-19T20:52:18 IST" data-provider="CreatUser" finished-at="2019-09-19T20:52:18 IST">
          <params>
            <param index="0">
              <value>
                <![CDATA[chaithra]]>
              </value>
            </param>
            <param index="1">
              <value>
                <![CDATA[1234.0]]>
              </value>
            </param>
          </params>
          <reporter-output>
          </reporter-output>
        </test-method> <!-- test -->
        <test-method status="PASS" signature="test(java.lang.String, java.lang.String)[pri:0, instance:org.testng.Testdata@210366b4]" name="test" duration-ms="3" started-at="2019-09-19T20:52:18 IST" data-provider="CreatUser" finished-at="2019-09-19T20:52:18 IST">
          <params>
            <param index="0">
              <value>
                <![CDATA[Ram]]>
              </value>
            </param>
            <param index="1">
              <value>
                <![CDATA[4321.0]]>
              </value>
            </param>
          </params>
          <reporter-output>
          </reporter-output>
        </test-method> <!-- test -->
      </class> <!-- org.testng.Testdata -->
    </test> <!-- Default test -->
  </suite> <!-- Default suite -->
</testng-results>
